s:socket created
s:bind done
s:connection accepted
s:read_/BEG
s:13:00:00:00
s:read_/END
s:read_/BEG
s:64:ff:ff:00:20:00:00:06:00:39:50:32:30:30:30
s:read_/END
s:t_/BEG
s:t_/END
s:client send:100
s:read_/BEG
s:
s:read_/END
s:s9proc: invalid packet size !(7 <= 0 <= 8192)
s:client disconnected
s:socket created
s:bind done
s:connection accepted
s:read_/BEG
s:13:00:00:00
s:read_/END
s:read_/BEG
s:64:ff:ff:00:20:00:00:06:00:39:50:32:30:30:30
s:read_/END
s:t_/BEG
s:t_/END
s:client send:100
s:read_/BEG
s:
s:read_/END
s:s9proc: invalid packet size !(7 <= 0 <= 8192)
s:client disconnected
